<?xml version="1.0" encoding="UTF-8"?>
<!-- Generated by org.testng.reporters.JUnitReportReporter -->
<testsuite skipped="0" hostname="Marcels-MacBook-Pro.local" name="AppConfigTest" tests="1" failures="0" timestamp="11 Dec 2018 19:42:04 GMT" time="0.002" errors="0">
  <testcase name="getConfig" time="0.002" classname="AppConfigTest"/>
</testsuite> <!-- AppConfigTest -->
